<?xml version="1.0" encoding="UTF-8"?>
<testsuite name="SampleTest" tests="1" skipped="0" failures="0" errors="0" timestamp="2025-04-18T09:11:58" hostname="Ubuntu" time="0.023">
  <properties/>
  <testcase name="testAddition" classname="SampleTest" time="0.023"/>
  <system-out><![CDATA[]]></system-out>
  <system-err><![CDATA[]]></system-err>
</testsuite>
